<?xml version="1.0" encoding="UTF-8"?>
<testsuite name="BandTest" tests="11" skipped="0" failures="0" errors="0" timestamp="2016-03-04T21:25:10" hostname="xanadus-MacBook-Air.local" time="0.512">
  <properties/>
  <testcase name="getName_returnsBandName" classname="BandTest" time="0.219"/>
  <testcase name="equals_returnsTrueIfDescriptionsAretheSame" classname="BandTest" time="0.009"/>
  <testcase name="save_savesObjectIntoDatabase" classname="BandTest" time="0.028"/>
  <testcase name="delete_deletesAllBandsAndListsAssoicationes" classname="BandTest" time="0.052"/>
  <testcase name="all_emptyAtFirst" classname="BandTest" time="0.015"/>
  <testcase name="find_findsBandInDatabase_true" classname="BandTest" time="0.024"/>
  <testcase name="save_assignsIdToObject" classname="BandTest" time="0.021"/>
  <testcase name="addVenue_addsVenueToBand" classname="BandTest" time="0.046"/>
  <testcase name="getId_returnsBandId" classname="BandTest" time="0.023"/>
  <testcase name="update_updatesBand" classname="BandTest" time="0.034"/>
  <testcase name="getVenues_returnsAllVenues_List" classname="BandTest" time="0.037"/>
  <system-out><![CDATA[]]></system-out>
  <system-err><![CDATA[]]></system-err>
</testsuite>
