<?xml version="1.0" encoding="UTF-8"?>
<testsuite name="VenueTest" tests="6" skipped="0" failures="0" errors="0" timestamp="2016-03-04T21:25:11" hostname="xanadus-MacBook-Air.local" time="0.179">
  <properties/>
  <testcase name="equals_returnsTrueIfNamesAretheSame" classname="VenueTest" time="0.007"/>
  <testcase name="all_emptyAtFirst" classname="VenueTest" time="0.02"/>
  <testcase name="find_findVenueInDatabase_true" classname="VenueTest" time="0.022"/>
  <testcase name="getBands_returnsAllBands_List" classname="VenueTest" time="0.056"/>
  <testcase name="addBand_addsBandToVenue" classname="VenueTest" time="0.045"/>
  <testcase name="save_savesVenueIntoDatabase" classname="VenueTest" time="0.026"/>
  <system-out><![CDATA[]]></system-out>
  <system-err><![CDATA[]]></system-err>
</testsuite>
