<?xml version="1.0" encoding="UTF-8"?>
<testsuite name="VenueTest" tests="6" skipped="0" failures="0" errors="0" timestamp="2016-03-04T22:30:09" hostname="xanadus-MacBook-Air.local" time="0.163">
  <properties/>
  <testcase name="equals_returnsTrueIfNamesAretheSame" classname="VenueTest" time="0.009"/>
  <testcase name="all_emptyAtFirst" classname="VenueTest" time="0.018"/>
  <testcase name="find_findVenueInDatabase_true" classname="VenueTest" time="0.027"/>
  <testcase name="getBands_returnsAllBands_List" classname="VenueTest" time="0.047"/>
  <testcase name="addBand_addsBandToVenue" classname="VenueTest" time="0.035"/>
  <testcase name="save_savesVenueIntoDatabase" classname="VenueTest" time="0.025"/>
  <system-out><![CDATA[]]></system-out>
  <system-err><![CDATA[]]></system-err>
</testsuite>
