<?xml version="1.0" encoding="UTF-8"?>
<testsuite name="VenueTest" tests="2" skipped="0" failures="0" errors="0" timestamp="2016-03-04T19:54:08" hostname="xanadus-MacBook-Air.local" time="0.213">
  <properties/>
  <testcase name="equals_returnsTrueIfNamesAretheSame" classname="VenueTest" time="0.152"/>
  <testcase name="all_emptyAtFirst" classname="VenueTest" time="0.06"/>
  <system-out><![CDATA[]]></system-out>
  <system-err><![CDATA[]]></system-err>
</testsuite>
