<?xml version="1.0" encoding="UTF-8"?>
<testsuite name="VenueTest" tests="6" skipped="0" failures="0" errors="0" timestamp="2016-03-06T19:20:54" hostname="xanadus-MacBook-Air.local" time="0.17">
  <properties/>
  <testcase name="equals_returnsTrueIfNamesAretheSame" classname="VenueTest" time="0.009"/>
  <testcase name="all_emptyAtFirst" classname="VenueTest" time="0.017"/>
  <testcase name="find_findVenueInDatabase_true" classname="VenueTest" time="0.024"/>
  <testcase name="getBands_returnsAllBands_List" classname="VenueTest" time="0.054"/>
  <testcase name="addBand_addsBandToVenue" classname="VenueTest" time="0.04"/>
  <testcase name="save_savesVenueIntoDatabase" classname="VenueTest" time="0.023"/>
  <system-out><![CDATA[]]></system-out>
  <system-err><![CDATA[]]></system-err>
</testsuite>
