<?xml version="1.0" encoding="UTF-8"?>
<testsuite name="BandTest" tests="11" skipped="0" failures="0" errors="0" timestamp="2016-03-06T19:20:54" hostname="xanadus-MacBook-Air.local" time="0.347">
  <properties/>
  <testcase name="getName_returnsBandName" classname="BandTest" time="0.03"/>
  <testcase name="equals_returnsTrueIfDescriptionsAretheSame" classname="BandTest" time="0.009"/>
  <testcase name="save_savesObjectIntoDatabase" classname="BandTest" time="0.026"/>
  <testcase name="delete_deletesAllBandsAndListsAssoicationes" classname="BandTest" time="0.057"/>
  <testcase name="all_emptyAtFirst" classname="BandTest" time="0.018"/>
  <testcase name="find_findsBandInDatabase_true" classname="BandTest" time="0.024"/>
  <testcase name="save_assignsIdToObject" classname="BandTest" time="0.024"/>
  <testcase name="addVenue_addsVenueToBand" classname="BandTest" time="0.043"/>
  <testcase name="getId_returnsBandId" classname="BandTest" time="0.026"/>
  <testcase name="update_updatesBand" classname="BandTest" time="0.037"/>
  <testcase name="getVenues_returnsAllVenues_List" classname="BandTest" time="0.048"/>
  <system-out><![CDATA[]]></system-out>
  <system-err><![CDATA[]]></system-err>
</testsuite>
