<?xml version="1.0" encoding="UTF-8"?>
<testsuite name="VenueTest" tests="2" skipped="0" failures="0" errors="0" timestamp="2016-03-04T20:35:57" hostname="xanadus-MacBook-Air.local" time="0.025">
  <properties/>
  <testcase name="equals_returnsTrueIfNamesAretheSame" classname="VenueTest" time="0.007"/>
  <testcase name="all_emptyAtFirst" classname="VenueTest" time="0.018"/>
  <system-out><![CDATA[]]></system-out>
  <system-err><![CDATA[]]></system-err>
</testsuite>
